Consolidate compiler generated dependencies of target farneback_flow_node
[ 50%] Building CXX object CMakeFiles/farneback_flow_node.dir/src/opt_flow.cpp.o
/home/thomas/oflow_vectors/src/opt_flow.cpp: In member function ‘void FarnebackFlowNode::compute_and_publish_cmd(const cv::Mat&, double)’:
/home/thomas/oflow_vectors/src/opt_flow.cpp:196:12: warning: unused variable ‘slowdown_thresh’ [-Wunused-variable]
  196 |     double slowdown_thresh = get_parameter("slowdown_threshold").as_double();
      |            ^~~~~~~~~~~~~~~
[100%] Linking CXX executable farneback_flow_node
[100%] Built target farneback_flow_node
-- Install configuration: ""
-- Installing: /home/thomas/oflow_vectors/install/optical_flow_cpp/lib/optical_flow_cpp/farneback_flow_node
-- Set runtime path of "/home/thomas/oflow_vectors/install/optical_flow_cpp/lib/optical_flow_cpp/farneback_flow_node" to ""
-- Up-to-date: /home/thomas/oflow_vectors/install/optical_flow_cpp/share/ament_index/resource_index/package_run_dependencies/optical_flow_cpp
-- Up-to-date: /home/thomas/oflow_vectors/install/optical_flow_cpp/share/ament_index/resource_index/parent_prefix_path/optical_flow_cpp
-- Up-to-date: /home/thomas/oflow_vectors/install/optical_flow_cpp/share/optical_flow_cpp/environment/ament_prefix_path.sh
-- Up-to-date: /home/thomas/oflow_vectors/install/optical_flow_cpp/share/optical_flow_cpp/environment/ament_prefix_path.dsv
-- Up-to-date: /home/thomas/oflow_vectors/install/optical_flow_cpp/share/optical_flow_cpp/environment/path.sh
-- Up-to-date: /home/thomas/oflow_vectors/install/optical_flow_cpp/share/optical_flow_cpp/environment/path.dsv
-- Up-to-date: /home/thomas/oflow_vectors/install/optical_flow_cpp/share/optical_flow_cpp/local_setup.bash
-- Up-to-date: /home/thomas/oflow_vectors/install/optical_flow_cpp/share/optical_flow_cpp/local_setup.sh
-- Up-to-date: /home/thomas/oflow_vectors/install/optical_flow_cpp/share/optical_flow_cpp/local_setup.zsh
-- Up-to-date: /home/thomas/oflow_vectors/install/optical_flow_cpp/share/optical_flow_cpp/local_setup.dsv
-- Installing: /home/thomas/oflow_vectors/install/optical_flow_cpp/share/optical_flow_cpp/package.dsv
-- Up-to-date: /home/thomas/oflow_vectors/install/optical_flow_cpp/share/ament_index/resource_index/packages/optical_flow_cpp
-- Up-to-date: /home/thomas/oflow_vectors/install/optical_flow_cpp/share/optical_flow_cpp/cmake/optical_flow_cppConfig.cmake
-- Up-to-date: /home/thomas/oflow_vectors/install/optical_flow_cpp/share/optical_flow_cpp/cmake/optical_flow_cppConfig-version.cmake
-- Up-to-date: /home/thomas/oflow_vectors/install/optical_flow_cpp/share/optical_flow_cpp/package.xml
