[0.006s] Invoking command in '/home/thomas/oflow_vectors/build/optical_flow_cpp': CMAKE_PREFIX_PATH=/opt/ros/humble /usr/bin/cmake --build /home/thomas/oflow_vectors/build/optical_flow_cpp -- -j16 -l16
[0.038s] Consolidate compiler generated dependencies of target farneback_flow_node
[0.049s] [ 50%] Building CXX object CMakeFiles/farneback_flow_node.dir/src/opt_flow.cpp.o
[1.459s] /home/thomas/oflow_vectors/src/opt_flow.cpp: In member function ‘void FarnebackFlowNode::compute_and_publish_cmd(const cv::Mat&, double)’:
[1.459s] /home/thomas/oflow_vectors/src/opt_flow.cpp:196:12: warning: unused variable ‘slowdown_thresh’ [-Wunused-variable]
[1.459s]   196 |     double slowdown_thresh = get_parameter("slowdown_threshold").as_double();
[1.459s]       |            ^~~~~~~~~~~~~~~
[6.076s] [100%] Linking CXX executable farneback_flow_node
[6.542s] [100%] Built target farneback_flow_node
[6.549s] Invoked command in '/home/thomas/oflow_vectors/build/optical_flow_cpp' returned '0': CMAKE_PREFIX_PATH=/opt/ros/humble /usr/bin/cmake --build /home/thomas/oflow_vectors/build/optical_flow_cpp -- -j16 -l16
[6.554s] Invoking command in '/home/thomas/oflow_vectors/build/optical_flow_cpp': CMAKE_PREFIX_PATH=/opt/ros/humble /usr/bin/cmake --install /home/thomas/oflow_vectors/build/optical_flow_cpp
[6.558s] -- Install configuration: ""
[6.558s] -- Installing: /home/thomas/oflow_vectors/install/optical_flow_cpp/lib/optical_flow_cpp/farneback_flow_node
[6.563s] -- Set runtime path of "/home/thomas/oflow_vectors/install/optical_flow_cpp/lib/optical_flow_cpp/farneback_flow_node" to ""
[6.563s] -- Up-to-date: /home/thomas/oflow_vectors/install/optical_flow_cpp/share/ament_index/resource_index/package_run_dependencies/optical_flow_cpp
[6.563s] -- Up-to-date: /home/thomas/oflow_vectors/install/optical_flow_cpp/share/ament_index/resource_index/parent_prefix_path/optical_flow_cpp
[6.563s] -- Up-to-date: /home/thomas/oflow_vectors/install/optical_flow_cpp/share/optical_flow_cpp/environment/ament_prefix_path.sh
[6.563s] -- Up-to-date: /home/thomas/oflow_vectors/install/optical_flow_cpp/share/optical_flow_cpp/environment/ament_prefix_path.dsv
[6.563s] -- Up-to-date: /home/thomas/oflow_vectors/install/optical_flow_cpp/share/optical_flow_cpp/environment/path.sh
[6.563s] -- Up-to-date: /home/thomas/oflow_vectors/install/optical_flow_cpp/share/optical_flow_cpp/environment/path.dsv
[6.563s] -- Up-to-date: /home/thomas/oflow_vectors/install/optical_flow_cpp/share/optical_flow_cpp/local_setup.bash
[6.563s] -- Up-to-date: /home/thomas/oflow_vectors/install/optical_flow_cpp/share/optical_flow_cpp/local_setup.sh
[6.563s] -- Up-to-date: /home/thomas/oflow_vectors/install/optical_flow_cpp/share/optical_flow_cpp/local_setup.zsh
[6.563s] -- Up-to-date: /home/thomas/oflow_vectors/install/optical_flow_cpp/share/optical_flow_cpp/local_setup.dsv
[6.563s] -- Installing: /home/thomas/oflow_vectors/install/optical_flow_cpp/share/optical_flow_cpp/package.dsv
[6.563s] -- Up-to-date: /home/thomas/oflow_vectors/install/optical_flow_cpp/share/ament_index/resource_index/packages/optical_flow_cpp
[6.563s] -- Up-to-date: /home/thomas/oflow_vectors/install/optical_flow_cpp/share/optical_flow_cpp/cmake/optical_flow_cppConfig.cmake
[6.563s] -- Up-to-date: /home/thomas/oflow_vectors/install/optical_flow_cpp/share/optical_flow_cpp/cmake/optical_flow_cppConfig-version.cmake
[6.564s] -- Up-to-date: /home/thomas/oflow_vectors/install/optical_flow_cpp/share/optical_flow_cpp/package.xml
[6.564s] Invoked command in '/home/thomas/oflow_vectors/build/optical_flow_cpp' returned '0': CMAKE_PREFIX_PATH=/opt/ros/humble /usr/bin/cmake --install /home/thomas/oflow_vectors/build/optical_flow_cpp
