[0.062s] DEBUG:colcon:Command line arguments: ['/usr/bin/colcon', 'build']
[0.062s] DEBUG:colcon:Parsed command line arguments: Namespace(log_base=None, log_level=None, verb_name='build', build_base='build', install_base='install', merge_install=False, symlink_install=False, test_result_base=None, continue_on_error=False, executor='parallel', parallel_workers=16, event_handlers=None, ignore_user_meta=False, metas=['./colcon.meta'], base_paths=['.'], packages_ignore=None, packages_ignore_regex=None, paths=None, packages_up_to=None, packages_up_to_regex=None, packages_above=None, packages_above_and_dependencies=None, packages_above_depth=None, packages_select_by_dep=None, packages_skip_by_dep=None, packages_skip_up_to=None, packages_select_build_failed=False, packages_skip_build_finished=False, packages_select_test_failures=False, packages_skip_test_passed=False, packages_select=None, packages_skip=None, packages_select_regex=None, packages_skip_regex=None, packages_start=None, packages_end=None, allow_overriding=[], cmake_args=None, cmake_target=None, cmake_target_skip_unavailable=False, cmake_clean_cache=False, cmake_clean_first=False, cmake_force_configure=False, ament_cmake_args=None, catkin_cmake_args=None, catkin_skip_building_tests=False, mixin_files=None, mixin=None, verb_parser=<colcon_mixin.mixin.mixin_argument.MixinArgumentDecorator object at 0x73d946a11120>, verb_extension=<colcon_core.verb.build.BuildVerb object at 0x73d946ba67d0>, main=<bound method BuildVerb.main of <colcon_core.verb.build.BuildVerb object at 0x73d946ba67d0>>, mixin_verb=('build',))
[0.085s] Level 1:colcon.colcon_core.package_discovery:discover_packages(colcon_meta) check parameters
[0.085s] Level 1:colcon.colcon_core.package_discovery:discover_packages(recursive) check parameters
[0.085s] Level 1:colcon.colcon_core.package_discovery:discover_packages(ignore) check parameters
[0.085s] Level 1:colcon.colcon_core.package_discovery:discover_packages(path) check parameters
[0.085s] Level 1:colcon.colcon_core.package_discovery:discover_packages(colcon_meta) discover
[0.085s] Level 1:colcon.colcon_core.package_discovery:discover_packages(recursive) discover
[0.085s] INFO:colcon.colcon_core.package_discovery:Crawling recursively for packages in '/home/thomas/oflow_vectors'
[0.085s] Level 1:colcon.colcon_core.package_identification:_identify(.) by extensions ['ignore', 'ignore_ament_install']
[0.085s] Level 1:colcon.colcon_core.package_identification:_identify(.) by extension 'ignore'
[0.085s] Level 1:colcon.colcon_core.package_identification:_identify(.) by extension 'ignore_ament_install'
[0.085s] Level 1:colcon.colcon_core.package_identification:_identify(.) by extensions ['colcon_pkg']
[0.085s] Level 1:colcon.colcon_core.package_identification:_identify(.) by extension 'colcon_pkg'
[0.085s] Level 1:colcon.colcon_core.package_identification:_identify(.) by extensions ['colcon_meta']
[0.086s] Level 1:colcon.colcon_core.package_identification:_identify(.) by extension 'colcon_meta'
[0.086s] Level 1:colcon.colcon_core.package_identification:_identify(.) by extensions ['ros']
[0.086s] Level 1:colcon.colcon_core.package_identification:_identify(.) by extension 'ros'
[0.094s] DEBUG:colcon.colcon_core.package_identification:Package '.' with type 'ros.ament_cmake' and name 'optical_flow_cpp'
[0.094s] Level 1:colcon.colcon_core.package_discovery:discover_packages(recursive) using defaults
[0.095s] Level 1:colcon.colcon_core.package_discovery:discover_packages(ignore) discover
[0.095s] Level 1:colcon.colcon_core.package_discovery:discover_packages(ignore) using defaults
[0.095s] Level 1:colcon.colcon_core.package_discovery:discover_packages(path) discover
[0.095s] Level 1:colcon.colcon_core.package_discovery:discover_packages(path) using defaults
[0.106s] Level 1:colcon.colcon_core.package_discovery:discover_packages(prefix_path) check parameters
[0.106s] Level 1:colcon.colcon_core.package_discovery:discover_packages(prefix_path) discover
[0.108s] DEBUG:colcon.colcon_installed_package_information.package_discovery:Found 287 installed packages in /opt/ros/humble
[0.109s] Level 1:colcon.colcon_core.package_discovery:discover_packages(prefix_path) using defaults
[0.129s] Level 5:colcon.colcon_core.verb:set package 'optical_flow_cpp' build argument 'cmake_args' from command line to 'None'
[0.129s] Level 5:colcon.colcon_core.verb:set package 'optical_flow_cpp' build argument 'cmake_target' from command line to 'None'
[0.129s] Level 5:colcon.colcon_core.verb:set package 'optical_flow_cpp' build argument 'cmake_target_skip_unavailable' from command line to 'False'
[0.129s] Level 5:colcon.colcon_core.verb:set package 'optical_flow_cpp' build argument 'cmake_clean_cache' from command line to 'False'
[0.129s] Level 5:colcon.colcon_core.verb:set package 'optical_flow_cpp' build argument 'cmake_clean_first' from command line to 'False'
[0.129s] Level 5:colcon.colcon_core.verb:set package 'optical_flow_cpp' build argument 'cmake_force_configure' from command line to 'False'
[0.129s] Level 5:colcon.colcon_core.verb:set package 'optical_flow_cpp' build argument 'ament_cmake_args' from command line to 'None'
[0.129s] Level 5:colcon.colcon_core.verb:set package 'optical_flow_cpp' build argument 'catkin_cmake_args' from command line to 'None'
[0.129s] Level 5:colcon.colcon_core.verb:set package 'optical_flow_cpp' build argument 'catkin_skip_building_tests' from command line to 'False'
[0.129s] DEBUG:colcon.colcon_core.verb:Building package 'optical_flow_cpp' with the following arguments: {'ament_cmake_args': None, 'build_base': '/home/thomas/oflow_vectors/build/optical_flow_cpp', 'catkin_cmake_args': None, 'catkin_skip_building_tests': False, 'cmake_args': None, 'cmake_clean_cache': False, 'cmake_clean_first': False, 'cmake_force_configure': False, 'cmake_target': None, 'cmake_target_skip_unavailable': False, 'install_base': '/home/thomas/oflow_vectors/install/optical_flow_cpp', 'merge_install': False, 'path': '/home/thomas/oflow_vectors', 'symlink_install': False, 'test_result_base': None}
[0.129s] INFO:colcon.colcon_core.executor:Executing jobs using 'parallel' executor
[0.129s] DEBUG:colcon.colcon_parallel_executor.executor.parallel:run_until_complete
[0.130s] INFO:colcon.colcon_ros.task.ament_cmake.build:Building ROS package in '/home/thomas/oflow_vectors' with build type 'ament_cmake'
[0.130s] INFO:colcon.colcon_cmake.task.cmake.build:Building CMake package in '/home/thomas/oflow_vectors'
[0.131s] INFO:colcon.colcon_core.plugin_system:Skipping extension 'colcon_core.shell.bat': Not used on non-Windows systems
[0.131s] INFO:colcon.colcon_core.shell:Skip shell extension 'powershell' for command environment: Not usable outside of PowerShell
[0.131s] DEBUG:colcon.colcon_core.shell:Skip shell extension 'dsv' for command environment
[0.135s] DEBUG:colcon.colcon_core.event_handler.log_command:Invoking command in '/home/thomas/oflow_vectors/build/optical_flow_cpp': CMAKE_PREFIX_PATH=/opt/ros/humble /usr/bin/cmake --build /home/thomas/oflow_vectors/build/optical_flow_cpp -- -j16 -l16
[6.678s] DEBUG:colcon.colcon_core.event_handler.log_command:Invoked command in '/home/thomas/oflow_vectors/build/optical_flow_cpp' returned '0': CMAKE_PREFIX_PATH=/opt/ros/humble /usr/bin/cmake --build /home/thomas/oflow_vectors/build/optical_flow_cpp -- -j16 -l16
[6.684s] DEBUG:colcon.colcon_core.event_handler.log_command:Invoking command in '/home/thomas/oflow_vectors/build/optical_flow_cpp': CMAKE_PREFIX_PATH=/opt/ros/humble /usr/bin/cmake --install /home/thomas/oflow_vectors/build/optical_flow_cpp
[6.694s] Level 1:colcon.colcon_core.environment:create_environment_scripts_only(optical_flow_cpp)
[6.694s] DEBUG:colcon.colcon_core.event_handler.log_command:Invoked command in '/home/thomas/oflow_vectors/build/optical_flow_cpp' returned '0': CMAKE_PREFIX_PATH=/opt/ros/humble /usr/bin/cmake --install /home/thomas/oflow_vectors/build/optical_flow_cpp
[6.695s] Level 1:colcon.colcon_core.environment:checking '/home/thomas/oflow_vectors/install/optical_flow_cpp' for CMake module files
[6.695s] Level 1:colcon.colcon_core.environment:checking '/home/thomas/oflow_vectors/install/optical_flow_cpp' for CMake config files
[6.696s] Level 1:colcon.colcon_core.shell:create_environment_hook('optical_flow_cpp', 'cmake_prefix_path')
[6.696s] INFO:colcon.colcon_core.shell:Creating environment hook '/home/thomas/oflow_vectors/install/optical_flow_cpp/share/optical_flow_cpp/hook/cmake_prefix_path.ps1'
[6.696s] INFO:colcon.colcon_core.shell:Creating environment descriptor '/home/thomas/oflow_vectors/install/optical_flow_cpp/share/optical_flow_cpp/hook/cmake_prefix_path.dsv'
[6.696s] INFO:colcon.colcon_core.shell:Creating environment hook '/home/thomas/oflow_vectors/install/optical_flow_cpp/share/optical_flow_cpp/hook/cmake_prefix_path.sh'
[6.697s] Level 1:colcon.colcon_core.environment:checking '/home/thomas/oflow_vectors/install/optical_flow_cpp/lib'
[6.697s] Level 1:colcon.colcon_core.environment:checking '/home/thomas/oflow_vectors/install/optical_flow_cpp/bin'
[6.697s] Level 1:colcon.colcon_core.environment:checking '/home/thomas/oflow_vectors/install/optical_flow_cpp/lib/pkgconfig/optical_flow_cpp.pc'
[6.697s] Level 1:colcon.colcon_core.environment:checking '/home/thomas/oflow_vectors/install/optical_flow_cpp/lib/python3.10/site-packages'
[6.697s] Level 1:colcon.colcon_core.environment:checking '/home/thomas/oflow_vectors/install/optical_flow_cpp/bin'
[6.697s] INFO:colcon.colcon_core.shell:Creating package script '/home/thomas/oflow_vectors/install/optical_flow_cpp/share/optical_flow_cpp/package.ps1'
[6.698s] INFO:colcon.colcon_core.shell:Creating package descriptor '/home/thomas/oflow_vectors/install/optical_flow_cpp/share/optical_flow_cpp/package.dsv'
[6.698s] INFO:colcon.colcon_core.shell:Creating package script '/home/thomas/oflow_vectors/install/optical_flow_cpp/share/optical_flow_cpp/package.sh'
[6.698s] INFO:colcon.colcon_core.shell:Creating package script '/home/thomas/oflow_vectors/install/optical_flow_cpp/share/optical_flow_cpp/package.bash'
[6.698s] INFO:colcon.colcon_core.shell:Creating package script '/home/thomas/oflow_vectors/install/optical_flow_cpp/share/optical_flow_cpp/package.zsh'
[6.699s] Level 1:colcon.colcon_core.environment:create_file_with_runtime_dependencies(/home/thomas/oflow_vectors/install/optical_flow_cpp/share/colcon-core/packages/optical_flow_cpp)
[6.699s] Level 1:colcon.colcon_core.environment:create_environment_scripts_only(optical_flow_cpp)
[6.699s] Level 1:colcon.colcon_core.environment:checking '/home/thomas/oflow_vectors/install/optical_flow_cpp' for CMake module files
[6.699s] Level 1:colcon.colcon_core.environment:checking '/home/thomas/oflow_vectors/install/optical_flow_cpp' for CMake config files
[6.700s] Level 1:colcon.colcon_core.shell:create_environment_hook('optical_flow_cpp', 'cmake_prefix_path')
[6.700s] INFO:colcon.colcon_core.shell:Creating environment hook '/home/thomas/oflow_vectors/install/optical_flow_cpp/share/optical_flow_cpp/hook/cmake_prefix_path.ps1'
[6.700s] INFO:colcon.colcon_core.shell:Creating environment descriptor '/home/thomas/oflow_vectors/install/optical_flow_cpp/share/optical_flow_cpp/hook/cmake_prefix_path.dsv'
[6.700s] INFO:colcon.colcon_core.shell:Creating environment hook '/home/thomas/oflow_vectors/install/optical_flow_cpp/share/optical_flow_cpp/hook/cmake_prefix_path.sh'
[6.700s] Level 1:colcon.colcon_core.environment:checking '/home/thomas/oflow_vectors/install/optical_flow_cpp/lib'
[6.700s] Level 1:colcon.colcon_core.environment:checking '/home/thomas/oflow_vectors/install/optical_flow_cpp/bin'
[6.700s] Level 1:colcon.colcon_core.environment:checking '/home/thomas/oflow_vectors/install/optical_flow_cpp/lib/pkgconfig/optical_flow_cpp.pc'
[6.700s] Level 1:colcon.colcon_core.environment:checking '/home/thomas/oflow_vectors/install/optical_flow_cpp/lib/python3.10/site-packages'
[6.701s] Level 1:colcon.colcon_core.environment:checking '/home/thomas/oflow_vectors/install/optical_flow_cpp/bin'
[6.701s] INFO:colcon.colcon_core.shell:Creating package script '/home/thomas/oflow_vectors/install/optical_flow_cpp/share/optical_flow_cpp/package.ps1'
[6.701s] INFO:colcon.colcon_core.shell:Creating package descriptor '/home/thomas/oflow_vectors/install/optical_flow_cpp/share/optical_flow_cpp/package.dsv'
[6.701s] INFO:colcon.colcon_core.shell:Creating package script '/home/thomas/oflow_vectors/install/optical_flow_cpp/share/optical_flow_cpp/package.sh'
[6.701s] INFO:colcon.colcon_core.shell:Creating package script '/home/thomas/oflow_vectors/install/optical_flow_cpp/share/optical_flow_cpp/package.bash'
[6.701s] INFO:colcon.colcon_core.shell:Creating package script '/home/thomas/oflow_vectors/install/optical_flow_cpp/share/optical_flow_cpp/package.zsh'
[6.702s] Level 1:colcon.colcon_core.environment:create_file_with_runtime_dependencies(/home/thomas/oflow_vectors/install/optical_flow_cpp/share/colcon-core/packages/optical_flow_cpp)
[6.702s] DEBUG:colcon.colcon_parallel_executor.executor.parallel:closing loop
[6.702s] DEBUG:colcon.colcon_parallel_executor.executor.parallel:loop closed
[6.702s] DEBUG:colcon.colcon_parallel_executor.executor.parallel:run_until_complete finished with '0'
[6.702s] DEBUG:colcon.colcon_core.event_reactor:joining thread
[6.704s] INFO:colcon.colcon_core.plugin_system:Skipping extension 'colcon_notification.desktop_notification.terminal_notifier': Not used on non-Darwin systems
[6.705s] INFO:colcon.colcon_core.plugin_system:Skipping extension 'colcon_notification.desktop_notification.win32': Not used on non-Windows systems
[6.705s] INFO:colcon.colcon_notification.desktop_notification:Sending desktop notification using 'notify2'
[6.710s] DEBUG:colcon.colcon_core.event_reactor:joined thread
[6.710s] INFO:colcon.colcon_core.shell:Creating prefix script '/home/thomas/oflow_vectors/install/local_setup.ps1'
[6.710s] INFO:colcon.colcon_core.shell:Creating prefix util module '/home/thomas/oflow_vectors/install/_local_setup_util_ps1.py'
[6.711s] INFO:colcon.colcon_core.shell:Creating prefix chain script '/home/thomas/oflow_vectors/install/setup.ps1'
[6.711s] INFO:colcon.colcon_core.shell:Creating prefix script '/home/thomas/oflow_vectors/install/local_setup.sh'
[6.712s] INFO:colcon.colcon_core.shell:Creating prefix util module '/home/thomas/oflow_vectors/install/_local_setup_util_sh.py'
[6.712s] INFO:colcon.colcon_core.shell:Creating prefix chain script '/home/thomas/oflow_vectors/install/setup.sh'
[6.712s] INFO:colcon.colcon_core.shell:Creating prefix script '/home/thomas/oflow_vectors/install/local_setup.bash'
[6.712s] INFO:colcon.colcon_core.shell:Creating prefix chain script '/home/thomas/oflow_vectors/install/setup.bash'
[6.713s] INFO:colcon.colcon_core.shell:Creating prefix script '/home/thomas/oflow_vectors/install/local_setup.zsh'
[6.713s] INFO:colcon.colcon_core.shell:Creating prefix chain script '/home/thomas/oflow_vectors/install/setup.zsh'
