[0.060s] DEBUG:colcon:Command line arguments: ['/usr/bin/colcon', 'build', '--packages-select', 'optical_flow_cpp']
[0.060s] DEBUG:colcon:Parsed command line arguments: Namespace(log_base=None, log_level=None, verb_name='build', build_base='build', install_base='install', merge_install=False, symlink_install=False, test_result_base=None, continue_on_error=False, executor='parallel', parallel_workers=16, event_handlers=None, ignore_user_meta=False, metas=['./colcon.meta'], base_paths=['.'], packages_ignore=None, packages_ignore_regex=None, paths=None, packages_up_to=None, packages_up_to_regex=None, packages_above=None, packages_above_and_dependencies=None, packages_above_depth=None, packages_select_by_dep=None, packages_skip_by_dep=None, packages_skip_up_to=None, packages_select_build_failed=False, packages_skip_build_finished=False, packages_select_test_failures=False, packages_skip_test_passed=False, packages_select=['optical_flow_cpp'], packages_skip=None, packages_select_regex=None, packages_skip_regex=None, packages_start=None, packages_end=None, allow_overriding=[], cmake_args=None, cmake_target=None, cmake_target_skip_unavailable=False, cmake_clean_cache=False, cmake_clean_first=False, cmake_force_configure=False, ament_cmake_args=None, catkin_cmake_args=None, catkin_skip_building_tests=False, mixin_files=None, mixin=None, verb_parser=<colcon_mixin.mixin.mixin_argument.MixinArgumentDecorator object at 0x7d481e480910>, verb_extension=<colcon_core.verb.build.BuildVerb object at 0x7d481e5a5fc0>, main=<bound method BuildVerb.main of <colcon_core.verb.build.BuildVerb object at 0x7d481e5a5fc0>>, mixin_verb=('build',))
[0.081s] Level 1:colcon.colcon_core.package_discovery:discover_packages(colcon_meta) check parameters
[0.082s] Level 1:colcon.colcon_core.package_discovery:discover_packages(recursive) check parameters
[0.082s] Level 1:colcon.colcon_core.package_discovery:discover_packages(ignore) check parameters
[0.082s] Level 1:colcon.colcon_core.package_discovery:discover_packages(path) check parameters
[0.082s] Level 1:colcon.colcon_core.package_discovery:discover_packages(colcon_meta) discover
[0.082s] Level 1:colcon.colcon_core.package_discovery:discover_packages(recursive) discover
[0.082s] INFO:colcon.colcon_core.package_discovery:Crawling recursively for packages in '/home/thomas/oflow_vectors'
[0.082s] Level 1:colcon.colcon_core.package_identification:_identify(.) by extensions ['ignore', 'ignore_ament_install']
[0.082s] Level 1:colcon.colcon_core.package_identification:_identify(.) by extension 'ignore'
[0.082s] Level 1:colcon.colcon_core.package_identification:_identify(.) by extension 'ignore_ament_install'
[0.082s] Level 1:colcon.colcon_core.package_identification:_identify(.) by extensions ['colcon_pkg']
[0.082s] Level 1:colcon.colcon_core.package_identification:_identify(.) by extension 'colcon_pkg'
[0.082s] Level 1:colcon.colcon_core.package_identification:_identify(.) by extensions ['colcon_meta']
[0.082s] Level 1:colcon.colcon_core.package_identification:_identify(.) by extension 'colcon_meta'
[0.082s] Level 1:colcon.colcon_core.package_identification:_identify(.) by extensions ['ros']
[0.082s] Level 1:colcon.colcon_core.package_identification:_identify(.) by extension 'ros'
[0.091s] DEBUG:colcon.colcon_core.package_identification:Package '.' with type 'ros.ament_cmake' and name 'optical_flow_cpp'
[0.091s] Level 1:colcon.colcon_core.package_discovery:discover_packages(recursive) using defaults
[0.091s] Level 1:colcon.colcon_core.package_discovery:discover_packages(ignore) discover
[0.091s] Level 1:colcon.colcon_core.package_discovery:discover_packages(ignore) using defaults
[0.091s] Level 1:colcon.colcon_core.package_discovery:discover_packages(path) discover
[0.091s] Level 1:colcon.colcon_core.package_discovery:discover_packages(path) using defaults
[0.102s] Level 1:colcon.colcon_core.package_discovery:discover_packages(prefix_path) check parameters
[0.102s] Level 1:colcon.colcon_core.package_discovery:discover_packages(prefix_path) discover
[0.103s] DEBUG:colcon.colcon_installed_package_information.package_discovery:Found 1 installed packages in /home/thomas/oflow_vectors/install
[0.104s] DEBUG:colcon.colcon_installed_package_information.package_discovery:Found 287 installed packages in /opt/ros/humble
[0.104s] Level 1:colcon.colcon_core.package_discovery:discover_packages(prefix_path) using defaults
[0.123s] Level 5:colcon.colcon_core.verb:set package 'optical_flow_cpp' build argument 'cmake_args' from command line to 'None'
[0.123s] Level 5:colcon.colcon_core.verb:set package 'optical_flow_cpp' build argument 'cmake_target' from command line to 'None'
[0.123s] Level 5:colcon.colcon_core.verb:set package 'optical_flow_cpp' build argument 'cmake_target_skip_unavailable' from command line to 'False'
[0.123s] Level 5:colcon.colcon_core.verb:set package 'optical_flow_cpp' build argument 'cmake_clean_cache' from command line to 'False'
[0.123s] Level 5:colcon.colcon_core.verb:set package 'optical_flow_cpp' build argument 'cmake_clean_first' from command line to 'False'
[0.123s] Level 5:colcon.colcon_core.verb:set package 'optical_flow_cpp' build argument 'cmake_force_configure' from command line to 'False'
[0.123s] Level 5:colcon.colcon_core.verb:set package 'optical_flow_cpp' build argument 'ament_cmake_args' from command line to 'None'
[0.123s] Level 5:colcon.colcon_core.verb:set package 'optical_flow_cpp' build argument 'catkin_cmake_args' from command line to 'None'
[0.123s] Level 5:colcon.colcon_core.verb:set package 'optical_flow_cpp' build argument 'catkin_skip_building_tests' from command line to 'False'
[0.123s] DEBUG:colcon.colcon_core.verb:Building package 'optical_flow_cpp' with the following arguments: {'ament_cmake_args': None, 'build_base': '/home/thomas/oflow_vectors/build/optical_flow_cpp', 'catkin_cmake_args': None, 'catkin_skip_building_tests': False, 'cmake_args': None, 'cmake_clean_cache': False, 'cmake_clean_first': False, 'cmake_force_configure': False, 'cmake_target': None, 'cmake_target_skip_unavailable': False, 'install_base': '/home/thomas/oflow_vectors/install/optical_flow_cpp', 'merge_install': False, 'path': '/home/thomas/oflow_vectors', 'symlink_install': False, 'test_result_base': None}
[0.123s] INFO:colcon.colcon_core.executor:Executing jobs using 'parallel' executor
[0.124s] DEBUG:colcon.colcon_parallel_executor.executor.parallel:run_until_complete
[0.124s] INFO:colcon.colcon_ros.task.ament_cmake.build:Building ROS package in '/home/thomas/oflow_vectors' with build type 'ament_cmake'
[0.124s] INFO:colcon.colcon_cmake.task.cmake.build:Building CMake package in '/home/thomas/oflow_vectors'
[0.125s] INFO:colcon.colcon_core.plugin_system:Skipping extension 'colcon_core.shell.bat': Not used on non-Windows systems
[0.125s] INFO:colcon.colcon_core.shell:Skip shell extension 'powershell' for command environment: Not usable outside of PowerShell
[0.125s] DEBUG:colcon.colcon_core.shell:Skip shell extension 'dsv' for command environment
[0.130s] DEBUG:colcon.colcon_core.event_handler.log_command:Invoking command in '/home/thomas/oflow_vectors/build/optical_flow_cpp': CMAKE_PREFIX_PATH=${CMAKE_PREFIX_PATH}:/opt/ros/humble /usr/bin/cmake --build /home/thomas/oflow_vectors/build/optical_flow_cpp -- -j16 -l16
[5.011s] DEBUG:colcon.colcon_core.event_handler.log_command:Invoked command in '/home/thomas/oflow_vectors/build/optical_flow_cpp' returned '0': CMAKE_PREFIX_PATH=${CMAKE_PREFIX_PATH}:/opt/ros/humble /usr/bin/cmake --build /home/thomas/oflow_vectors/build/optical_flow_cpp -- -j16 -l16
[5.016s] DEBUG:colcon.colcon_core.event_handler.log_command:Invoking command in '/home/thomas/oflow_vectors/build/optical_flow_cpp': CMAKE_PREFIX_PATH=${CMAKE_PREFIX_PATH}:/opt/ros/humble /usr/bin/cmake --install /home/thomas/oflow_vectors/build/optical_flow_cpp
[5.024s] Level 1:colcon.colcon_core.environment:create_environment_scripts_only(optical_flow_cpp)
[5.024s] DEBUG:colcon.colcon_core.event_handler.log_command:Invoked command in '/home/thomas/oflow_vectors/build/optical_flow_cpp' returned '0': CMAKE_PREFIX_PATH=${CMAKE_PREFIX_PATH}:/opt/ros/humble /usr/bin/cmake --install /home/thomas/oflow_vectors/build/optical_flow_cpp
[5.025s] Level 1:colcon.colcon_core.environment:checking '/home/thomas/oflow_vectors/install/optical_flow_cpp' for CMake module files
[5.025s] Level 1:colcon.colcon_core.environment:checking '/home/thomas/oflow_vectors/install/optical_flow_cpp' for CMake config files
[5.026s] Level 1:colcon.colcon_core.shell:create_environment_hook('optical_flow_cpp', 'cmake_prefix_path')
[5.026s] INFO:colcon.colcon_core.shell:Creating environment hook '/home/thomas/oflow_vectors/install/optical_flow_cpp/share/optical_flow_cpp/hook/cmake_prefix_path.ps1'
[5.026s] INFO:colcon.colcon_core.shell:Creating environment descriptor '/home/thomas/oflow_vectors/install/optical_flow_cpp/share/optical_flow_cpp/hook/cmake_prefix_path.dsv'
[5.026s] INFO:colcon.colcon_core.shell:Creating environment hook '/home/thomas/oflow_vectors/install/optical_flow_cpp/share/optical_flow_cpp/hook/cmake_prefix_path.sh'
[5.027s] Level 1:colcon.colcon_core.environment:checking '/home/thomas/oflow_vectors/install/optical_flow_cpp/lib'
[5.027s] Level 1:colcon.colcon_core.environment:checking '/home/thomas/oflow_vectors/install/optical_flow_cpp/bin'
[5.027s] Level 1:colcon.colcon_core.environment:checking '/home/thomas/oflow_vectors/install/optical_flow_cpp/lib/pkgconfig/optical_flow_cpp.pc'
[5.027s] Level 1:colcon.colcon_core.environment:checking '/home/thomas/oflow_vectors/install/optical_flow_cpp/lib/python3.10/site-packages'
[5.027s] Level 1:colcon.colcon_core.environment:checking '/home/thomas/oflow_vectors/install/optical_flow_cpp/bin'
[5.027s] INFO:colcon.colcon_core.shell:Creating package script '/home/thomas/oflow_vectors/install/optical_flow_cpp/share/optical_flow_cpp/package.ps1'
[5.028s] INFO:colcon.colcon_core.shell:Creating package descriptor '/home/thomas/oflow_vectors/install/optical_flow_cpp/share/optical_flow_cpp/package.dsv'
[5.028s] INFO:colcon.colcon_core.shell:Creating package script '/home/thomas/oflow_vectors/install/optical_flow_cpp/share/optical_flow_cpp/package.sh'
[5.029s] INFO:colcon.colcon_core.shell:Creating package script '/home/thomas/oflow_vectors/install/optical_flow_cpp/share/optical_flow_cpp/package.bash'
[5.029s] INFO:colcon.colcon_core.shell:Creating package script '/home/thomas/oflow_vectors/install/optical_flow_cpp/share/optical_flow_cpp/package.zsh'
[5.029s] Level 1:colcon.colcon_core.environment:create_file_with_runtime_dependencies(/home/thomas/oflow_vectors/install/optical_flow_cpp/share/colcon-core/packages/optical_flow_cpp)
[5.029s] Level 1:colcon.colcon_core.environment:create_environment_scripts_only(optical_flow_cpp)
[5.030s] Level 1:colcon.colcon_core.environment:checking '/home/thomas/oflow_vectors/install/optical_flow_cpp' for CMake module files
[5.030s] Level 1:colcon.colcon_core.environment:checking '/home/thomas/oflow_vectors/install/optical_flow_cpp' for CMake config files
[5.030s] Level 1:colcon.colcon_core.shell:create_environment_hook('optical_flow_cpp', 'cmake_prefix_path')
[5.030s] INFO:colcon.colcon_core.shell:Creating environment hook '/home/thomas/oflow_vectors/install/optical_flow_cpp/share/optical_flow_cpp/hook/cmake_prefix_path.ps1'
[5.030s] INFO:colcon.colcon_core.shell:Creating environment descriptor '/home/thomas/oflow_vectors/install/optical_flow_cpp/share/optical_flow_cpp/hook/cmake_prefix_path.dsv'
[5.030s] INFO:colcon.colcon_core.shell:Creating environment hook '/home/thomas/oflow_vectors/install/optical_flow_cpp/share/optical_flow_cpp/hook/cmake_prefix_path.sh'
[5.031s] Level 1:colcon.colcon_core.environment:checking '/home/thomas/oflow_vectors/install/optical_flow_cpp/lib'
[5.031s] Level 1:colcon.colcon_core.environment:checking '/home/thomas/oflow_vectors/install/optical_flow_cpp/bin'
[5.031s] Level 1:colcon.colcon_core.environment:checking '/home/thomas/oflow_vectors/install/optical_flow_cpp/lib/pkgconfig/optical_flow_cpp.pc'
[5.031s] Level 1:colcon.colcon_core.environment:checking '/home/thomas/oflow_vectors/install/optical_flow_cpp/lib/python3.10/site-packages'
[5.031s] Level 1:colcon.colcon_core.environment:checking '/home/thomas/oflow_vectors/install/optical_flow_cpp/bin'
[5.031s] INFO:colcon.colcon_core.shell:Creating package script '/home/thomas/oflow_vectors/install/optical_flow_cpp/share/optical_flow_cpp/package.ps1'
[5.031s] INFO:colcon.colcon_core.shell:Creating package descriptor '/home/thomas/oflow_vectors/install/optical_flow_cpp/share/optical_flow_cpp/package.dsv'
[5.031s] INFO:colcon.colcon_core.shell:Creating package script '/home/thomas/oflow_vectors/install/optical_flow_cpp/share/optical_flow_cpp/package.sh'
[5.032s] INFO:colcon.colcon_core.shell:Creating package script '/home/thomas/oflow_vectors/install/optical_flow_cpp/share/optical_flow_cpp/package.bash'
[5.032s] INFO:colcon.colcon_core.shell:Creating package script '/home/thomas/oflow_vectors/install/optical_flow_cpp/share/optical_flow_cpp/package.zsh'
[5.032s] Level 1:colcon.colcon_core.environment:create_file_with_runtime_dependencies(/home/thomas/oflow_vectors/install/optical_flow_cpp/share/colcon-core/packages/optical_flow_cpp)
[5.032s] DEBUG:colcon.colcon_parallel_executor.executor.parallel:closing loop
[5.032s] DEBUG:colcon.colcon_parallel_executor.executor.parallel:loop closed
[5.032s] DEBUG:colcon.colcon_parallel_executor.executor.parallel:run_until_complete finished with '0'
[5.032s] DEBUG:colcon.colcon_core.event_reactor:joining thread
[5.035s] INFO:colcon.colcon_core.plugin_system:Skipping extension 'colcon_notification.desktop_notification.terminal_notifier': Not used on non-Darwin systems
[5.035s] INFO:colcon.colcon_core.plugin_system:Skipping extension 'colcon_notification.desktop_notification.win32': Not used on non-Windows systems
[5.035s] INFO:colcon.colcon_notification.desktop_notification:Sending desktop notification using 'notify2'
[5.042s] DEBUG:colcon.colcon_core.event_reactor:joined thread
[5.042s] INFO:colcon.colcon_core.shell:Creating prefix script '/home/thomas/oflow_vectors/install/local_setup.ps1'
[5.042s] INFO:colcon.colcon_core.shell:Creating prefix util module '/home/thomas/oflow_vectors/install/_local_setup_util_ps1.py'
[5.043s] INFO:colcon.colcon_core.shell:Creating prefix chain script '/home/thomas/oflow_vectors/install/setup.ps1'
[5.043s] INFO:colcon.colcon_core.shell:Creating prefix script '/home/thomas/oflow_vectors/install/local_setup.sh'
[5.043s] INFO:colcon.colcon_core.shell:Creating prefix util module '/home/thomas/oflow_vectors/install/_local_setup_util_sh.py'
[5.044s] INFO:colcon.colcon_core.shell:Creating prefix chain script '/home/thomas/oflow_vectors/install/setup.sh'
[5.044s] INFO:colcon.colcon_core.shell:Creating prefix script '/home/thomas/oflow_vectors/install/local_setup.bash'
[5.044s] INFO:colcon.colcon_core.shell:Creating prefix chain script '/home/thomas/oflow_vectors/install/setup.bash'
[5.045s] INFO:colcon.colcon_core.shell:Creating prefix script '/home/thomas/oflow_vectors/install/local_setup.zsh'
[5.045s] INFO:colcon.colcon_core.shell:Creating prefix chain script '/home/thomas/oflow_vectors/install/setup.zsh'
