-- The C compiler identification is GNU 11.4.0
-- The CXX compiler identification is GNU 11.4.0
-- Detecting C compiler ABI info
-- Detecting C compiler ABI info - done
-- Check for working C compiler: /usr/bin/cc - skipped
-- Detecting C compile features
-- Detecting C compile features - done
-- Detecting CXX compiler ABI info
-- Detecting CXX compiler ABI info - done
-- Check for working CXX compiler: /usr/bin/c++ - skipped
-- Detecting CXX compile features
-- Detecting CXX compile features - done
-- Found ament_cmake: 1.3.12 (/opt/ros/humble/share/ament_cmake/cmake)
-- Found Python3: /usr/bin/python3 (found version "3.10.12") found components: Interpreter 
-- Found rclcpp: 16.0.19 (/opt/ros/humble/share/rclcpp/cmake)
-- Found rosidl_generator_c: 3.1.8 (/opt/ros/humble/share/rosidl_generator_c/cmake)
-- Found rosidl_adapter: 3.1.8 (/opt/ros/humble/share/rosidl_adapter/cmake)
-- Found rosidl_generator_cpp: 3.1.8 (/opt/ros/humble/share/rosidl_generator_cpp/cmake)
-- Using all available rosidl_typesupport_c: rosidl_typesupport_fastrtps_c;rosidl_typesupport_introspection_c
-- Using all available rosidl_typesupport_cpp: rosidl_typesupport_fastrtps_cpp;rosidl_typesupport_introspection_cpp
-- Found rmw_implementation_cmake: 6.1.2 (/opt/ros/humble/share/rmw_implementation_cmake/cmake)
-- Found rmw_fastrtps_cpp: 6.2.9 (/opt/ros/humble/share/rmw_fastrtps_cpp/cmake)
-- Found OpenSSL: /usr/lib/x86_64-linux-gnu/libcrypto.so (found version "3.0.2")  
-- Found FastRTPS: /opt/ros/humble/include  
-- Using RMW implementation 'rmw_fastrtps_cpp' as default
-- Looking for pthread.h
-- Looking for pthread.h - found
-- Performing Test CMAKE_HAVE_LIBC_PTHREAD
-- Performing Test CMAKE_HAVE_LIBC_PTHREAD - Success
-- Found Threads: TRUE  
-- Found sensor_msgs: 4.9.1 (/opt/ros/humble/share/sensor_msgs/cmake)
-- Found mavros_msgs: 2.14.0 (/opt/ros/humble/share/mavros_msgs/cmake)
-- Found cv_bridge: 3.2.1 (/opt/ros/humble/share/cv_bridge/cmake)
-- Found OpenCV: /usr (found version "4.5.4") 
-- Configuring done
-- Generating done
-- Build files have been written to: /home/thomas/oflow_vectors/build/optical_flow_cpp
[ 50%] Building CXX object CMakeFiles/farneback_flow_node.dir/src/opt_flow.cpp.o
[100%] Linking CXX executable farneback_flow_node
[100%] Built target farneback_flow_node
-- Install configuration: ""
-- Installing: /home/thomas/oflow_vectors/install/optical_flow_cpp/lib/optical_flow_cpp/farneback_flow_node
-- Set runtime path of "/home/thomas/oflow_vectors/install/optical_flow_cpp/lib/optical_flow_cpp/farneback_flow_node" to ""
-- Installing: /home/thomas/oflow_vectors/install/optical_flow_cpp/share/ament_index/resource_index/package_run_dependencies/optical_flow_cpp
-- Installing: /home/thomas/oflow_vectors/install/optical_flow_cpp/share/ament_index/resource_index/parent_prefix_path/optical_flow_cpp
-- Installing: /home/thomas/oflow_vectors/install/optical_flow_cpp/share/optical_flow_cpp/environment/ament_prefix_path.sh
-- Installing: /home/thomas/oflow_vectors/install/optical_flow_cpp/share/optical_flow_cpp/environment/ament_prefix_path.dsv
-- Installing: /home/thomas/oflow_vectors/install/optical_flow_cpp/share/optical_flow_cpp/environment/path.sh
-- Installing: /home/thomas/oflow_vectors/install/optical_flow_cpp/share/optical_flow_cpp/environment/path.dsv
-- Installing: /home/thomas/oflow_vectors/install/optical_flow_cpp/share/optical_flow_cpp/local_setup.bash
-- Installing: /home/thomas/oflow_vectors/install/optical_flow_cpp/share/optical_flow_cpp/local_setup.sh
-- Installing: /home/thomas/oflow_vectors/install/optical_flow_cpp/share/optical_flow_cpp/local_setup.zsh
-- Installing: /home/thomas/oflow_vectors/install/optical_flow_cpp/share/optical_flow_cpp/local_setup.dsv
-- Installing: /home/thomas/oflow_vectors/install/optical_flow_cpp/share/optical_flow_cpp/package.dsv
-- Installing: /home/thomas/oflow_vectors/install/optical_flow_cpp/share/ament_index/resource_index/packages/optical_flow_cpp
-- Installing: /home/thomas/oflow_vectors/install/optical_flow_cpp/share/optical_flow_cpp/cmake/optical_flow_cppConfig.cmake
-- Installing: /home/thomas/oflow_vectors/install/optical_flow_cpp/share/optical_flow_cpp/cmake/optical_flow_cppConfig-version.cmake
-- Installing: /home/thomas/oflow_vectors/install/optical_flow_cpp/share/optical_flow_cpp/package.xml
