[0.005s] Invoking command in '/home/thomas/oflow_vectors/build/optical_flow_cpp': CMAKE_PREFIX_PATH=/opt/ros/humble /usr/bin/cmake /home/thomas/oflow_vectors -DCMAKE_INSTALL_PREFIX=/home/thomas/oflow_vectors/install/optical_flow_cpp
[0.076s] -- The C compiler identification is GNU 11.4.0
[0.149s] -- The CXX compiler identification is GNU 11.4.0
[0.157s] -- Detecting C compiler ABI info
[0.204s] -- Detecting C compiler ABI info - done
[0.208s] -- Check for working C compiler: /usr/bin/cc - skipped
[0.208s] -- Detecting C compile features
[0.209s] -- Detecting C compile features - done
[0.211s] -- Detecting CXX compiler ABI info
[0.262s] -- Detecting CXX compiler ABI info - done
[0.266s] -- Check for working CXX compiler: /usr/bin/c++ - skipped
[0.267s] -- Detecting CXX compile features
[0.267s] -- Detecting CXX compile features - done
[0.271s] -- Found ament_cmake: 1.3.12 (/opt/ros/humble/share/ament_cmake/cmake)
[0.479s] -- Found Python3: /usr/bin/python3 (found version "3.10.12") found components: Interpreter 
[0.548s] -- Found rclcpp: 16.0.19 (/opt/ros/humble/share/rclcpp/cmake)
[0.585s] -- Found rosidl_generator_c: 3.1.8 (/opt/ros/humble/share/rosidl_generator_c/cmake)
[0.589s] -- Found rosidl_adapter: 3.1.8 (/opt/ros/humble/share/rosidl_adapter/cmake)
[0.597s] -- Found rosidl_generator_cpp: 3.1.8 (/opt/ros/humble/share/rosidl_generator_cpp/cmake)
[0.607s] -- Using all available rosidl_typesupport_c: rosidl_typesupport_fastrtps_c;rosidl_typesupport_introspection_c
[0.619s] -- Using all available rosidl_typesupport_cpp: rosidl_typesupport_fastrtps_cpp;rosidl_typesupport_introspection_cpp
[0.650s] -- Found rmw_implementation_cmake: 6.1.2 (/opt/ros/humble/share/rmw_implementation_cmake/cmake)
[0.652s] -- Found rmw_fastrtps_cpp: 6.2.9 (/opt/ros/humble/share/rmw_fastrtps_cpp/cmake)
[0.710s] -- Found OpenSSL: /usr/lib/x86_64-linux-gnu/libcrypto.so (found version "3.0.2")  
[0.727s] -- Found FastRTPS: /opt/ros/humble/include  
[0.751s] -- Using RMW implementation 'rmw_fastrtps_cpp' as default
[0.757s] -- Looking for pthread.h
[0.807s] -- Looking for pthread.h - found
[0.807s] -- Performing Test CMAKE_HAVE_LIBC_PTHREAD
[0.848s] -- Performing Test CMAKE_HAVE_LIBC_PTHREAD - Success
[0.849s] -- Found Threads: TRUE  
[0.886s] -- Found sensor_msgs: 4.9.1 (/opt/ros/humble/share/sensor_msgs/cmake)
[0.902s] -- Found mavros_msgs: 2.14.0 (/opt/ros/humble/share/mavros_msgs/cmake)
[0.939s] -- Found cv_bridge: 3.2.1 (/opt/ros/humble/share/cv_bridge/cmake)
[0.947s] -- Found OpenCV: /usr (found version "4.5.4") 
[0.982s] -- Configuring done
[0.991s] -- Generating done
[0.993s] -- Build files have been written to: /home/thomas/oflow_vectors/build/optical_flow_cpp
[1.000s] Invoked command in '/home/thomas/oflow_vectors/build/optical_flow_cpp' returned '0': CMAKE_PREFIX_PATH=/opt/ros/humble /usr/bin/cmake /home/thomas/oflow_vectors -DCMAKE_INSTALL_PREFIX=/home/thomas/oflow_vectors/install/optical_flow_cpp
[1.001s] Invoking command in '/home/thomas/oflow_vectors/build/optical_flow_cpp': CMAKE_PREFIX_PATH=/opt/ros/humble /usr/bin/cmake --build /home/thomas/oflow_vectors/build/optical_flow_cpp -- -j16 -l16
[1.031s] [ 50%] Building CXX object CMakeFiles/farneback_flow_node.dir/src/opt_flow.cpp.o
[5.566s] [100%] Linking CXX executable farneback_flow_node
[6.082s] [100%] Built target farneback_flow_node
[6.089s] Invoked command in '/home/thomas/oflow_vectors/build/optical_flow_cpp' returned '0': CMAKE_PREFIX_PATH=/opt/ros/humble /usr/bin/cmake --build /home/thomas/oflow_vectors/build/optical_flow_cpp -- -j16 -l16
[6.094s] Invoking command in '/home/thomas/oflow_vectors/build/optical_flow_cpp': CMAKE_PREFIX_PATH=/opt/ros/humble /usr/bin/cmake --install /home/thomas/oflow_vectors/build/optical_flow_cpp
[6.098s] -- Install configuration: ""
[6.098s] -- Installing: /home/thomas/oflow_vectors/install/optical_flow_cpp/lib/optical_flow_cpp/farneback_flow_node
[6.100s] -- Set runtime path of "/home/thomas/oflow_vectors/install/optical_flow_cpp/lib/optical_flow_cpp/farneback_flow_node" to ""
[6.100s] -- Installing: /home/thomas/oflow_vectors/install/optical_flow_cpp/share/ament_index/resource_index/package_run_dependencies/optical_flow_cpp
[6.101s] -- Installing: /home/thomas/oflow_vectors/install/optical_flow_cpp/share/ament_index/resource_index/parent_prefix_path/optical_flow_cpp
[6.101s] -- Installing: /home/thomas/oflow_vectors/install/optical_flow_cpp/share/optical_flow_cpp/environment/ament_prefix_path.sh
[6.101s] -- Installing: /home/thomas/oflow_vectors/install/optical_flow_cpp/share/optical_flow_cpp/environment/ament_prefix_path.dsv
[6.101s] -- Installing: /home/thomas/oflow_vectors/install/optical_flow_cpp/share/optical_flow_cpp/environment/path.sh
[6.101s] -- Installing: /home/thomas/oflow_vectors/install/optical_flow_cpp/share/optical_flow_cpp/environment/path.dsv
[6.101s] -- Installing: /home/thomas/oflow_vectors/install/optical_flow_cpp/share/optical_flow_cpp/local_setup.bash
[6.101s] -- Installing: /home/thomas/oflow_vectors/install/optical_flow_cpp/share/optical_flow_cpp/local_setup.sh
[6.101s] -- Installing: /home/thomas/oflow_vectors/install/optical_flow_cpp/share/optical_flow_cpp/local_setup.zsh
[6.101s] -- Installing: /home/thomas/oflow_vectors/install/optical_flow_cpp/share/optical_flow_cpp/local_setup.dsv
[6.102s] -- Installing: /home/thomas/oflow_vectors/install/optical_flow_cpp/share/optical_flow_cpp/package.dsv
[6.102s] -- Installing: /home/thomas/oflow_vectors/install/optical_flow_cpp/share/ament_index/resource_index/packages/optical_flow_cpp
[6.102s] -- Installing: /home/thomas/oflow_vectors/install/optical_flow_cpp/share/optical_flow_cpp/cmake/optical_flow_cppConfig.cmake
[6.102s] -- Installing: /home/thomas/oflow_vectors/install/optical_flow_cpp/share/optical_flow_cpp/cmake/optical_flow_cppConfig-version.cmake
[6.102s] -- Installing: /home/thomas/oflow_vectors/install/optical_flow_cpp/share/optical_flow_cpp/package.xml
[6.103s] Invoked command in '/home/thomas/oflow_vectors/build/optical_flow_cpp' returned '0': CMAKE_PREFIX_PATH=/opt/ros/humble /usr/bin/cmake --install /home/thomas/oflow_vectors/build/optical_flow_cpp
