[35m[1mConsolidate compiler generated dependencies of target farneback_flow_node[0m
[ 50%] [32mBuilding CXX object CMakeFiles/farneback_flow_node.dir/src/opt_flow.cpp.o[0m
[01m[K/home/thomas/oflow_vectors/src/opt_flow.cpp:[m[K In member function ‘[01m[Kvoid FarnebackFlowNode::compute_and_publish_cmd(const cv::Mat&, const Time&)[m[K’:
[01m[K/home/thomas/oflow_vectors/src/opt_flow.cpp:62:90:[m[K [01;35m[Kwarning: [m[Kunused parameter ‘[01m[Kstamp[m[K’ [[01;35m[K]8;;https://gcc.gnu.org/onlinedocs/gcc/Warning-Options.html#index-Wunused-parameter-Wunused-parameter]8;;[m[K]
   62 |  compute_and_publish_cmd(const cv::Mat& flow, [01;35m[Kconst builtin_interfaces::msg::Time& stamp[m[K) {
      |                                               [01;35m[K~~~~~~~~~~~~~~~~~~~~~~~~~~~~~~~~~~~~~^~~~~[m[K

[100%] [32m[1mLinking CXX executable farneback_flow_node[0m
[100%] Built target farneback_flow_node
-- Install configuration: ""
-- Installing: /home/thomas/oflow_vectors/install/optical_flow_cpp/lib/optical_flow_cpp/farneback_flow_node
-- Set runtime path of "/home/thomas/oflow_vectors/install/optical_flow_cpp/lib/optical_flow_cpp/farneback_flow_node" to ""
-- Up-to-date: /home/thomas/oflow_vectors/install/optical_flow_cpp/share/ament_index/resource_index/package_run_dependencies/optical_flow_cpp
-- Up-to-date: /home/thomas/oflow_vectors/install/optical_flow_cpp/share/ament_index/resource_index/parent_prefix_path/optical_flow_cpp
-- Up-to-date: /home/thomas/oflow_vectors/install/optical_flow_cpp/share/optical_flow_cpp/environment/ament_prefix_path.sh
-- Up-to-date: /home/thomas/oflow_vectors/install/optical_flow_cpp/share/optical_flow_cpp/environment/ament_prefix_path.dsv
-- Up-to-date: /home/thomas/oflow_vectors/install/optical_flow_cpp/share/optical_flow_cpp/environment/path.sh
-- Up-to-date: /home/thomas/oflow_vectors/install/optical_flow_cpp/share/optical_flow_cpp/environment/path.dsv
-- Up-to-date: /home/thomas/oflow_vectors/install/optical_flow_cpp/share/optical_flow_cpp/local_setup.bash
-- Up-to-date: /home/thomas/oflow_vectors/install/optical_flow_cpp/share/optical_flow_cpp/local_setup.sh
-- Up-to-date: /home/thomas/oflow_vectors/install/optical_flow_cpp/share/optical_flow_cpp/local_setup.zsh
-- Up-to-date: /home/thomas/oflow_vectors/install/optical_flow_cpp/share/optical_flow_cpp/local_setup.dsv
-- Installing: /home/thomas/oflow_vectors/install/optical_flow_cpp/share/optical_flow_cpp/package.dsv
-- Up-to-date: /home/thomas/oflow_vectors/install/optical_flow_cpp/share/ament_index/resource_index/packages/optical_flow_cpp
-- Up-to-date: /home/thomas/oflow_vectors/install/optical_flow_cpp/share/optical_flow_cpp/cmake/optical_flow_cppConfig.cmake
-- Up-to-date: /home/thomas/oflow_vectors/install/optical_flow_cpp/share/optical_flow_cpp/cmake/optical_flow_cppConfig-version.cmake
-- Up-to-date: /home/thomas/oflow_vectors/install/optical_flow_cpp/share/optical_flow_cpp/package.xml
