[0.006s] Invoking command in '/home/thomas/oflow_vectors/build/optical_flow_cpp': CMAKE_PREFIX_PATH=/opt/ros/humble /usr/bin/cmake --build /home/thomas/oflow_vectors/build/optical_flow_cpp -- -j16 -l16
[0.039s] Consolidate compiler generated dependencies of target farneback_flow_node
[0.050s] [ 50%] Building CXX object CMakeFiles/farneback_flow_node.dir/src/opt_flow.cpp.o
[6.176s] [100%] Linking CXX executable farneback_flow_node
[6.656s] [100%] Built target farneback_flow_node
[6.663s] Invoked command in '/home/thomas/oflow_vectors/build/optical_flow_cpp' returned '0': CMAKE_PREFIX_PATH=/opt/ros/humble /usr/bin/cmake --build /home/thomas/oflow_vectors/build/optical_flow_cpp -- -j16 -l16
[6.668s] Invoking command in '/home/thomas/oflow_vectors/build/optical_flow_cpp': CMAKE_PREFIX_PATH=/opt/ros/humble /usr/bin/cmake --install /home/thomas/oflow_vectors/build/optical_flow_cpp
[6.672s] -- Install configuration: ""
[6.672s] -- Installing: /home/thomas/oflow_vectors/install/optical_flow_cpp/lib/optical_flow_cpp/farneback_flow_node
[6.677s] -- Set runtime path of "/home/thomas/oflow_vectors/install/optical_flow_cpp/lib/optical_flow_cpp/farneback_flow_node" to ""
[6.677s] -- Up-to-date: /home/thomas/oflow_vectors/install/optical_flow_cpp/share/ament_index/resource_index/package_run_dependencies/optical_flow_cpp
[6.677s] -- Up-to-date: /home/thomas/oflow_vectors/install/optical_flow_cpp/share/ament_index/resource_index/parent_prefix_path/optical_flow_cpp
[6.678s] -- Up-to-date: /home/thomas/oflow_vectors/install/optical_flow_cpp/share/optical_flow_cpp/environment/ament_prefix_path.sh
[6.678s] -- Up-to-date: /home/thomas/oflow_vectors/install/optical_flow_cpp/share/optical_flow_cpp/environment/ament_prefix_path.dsv
[6.678s] -- Up-to-date: /home/thomas/oflow_vectors/install/optical_flow_cpp/share/optical_flow_cpp/environment/path.sh
[6.678s] -- Up-to-date: /home/thomas/oflow_vectors/install/optical_flow_cpp/share/optical_flow_cpp/environment/path.dsv
[6.678s] -- Up-to-date: /home/thomas/oflow_vectors/install/optical_flow_cpp/share/optical_flow_cpp/local_setup.bash
[6.678s] -- Up-to-date: /home/thomas/oflow_vectors/install/optical_flow_cpp/share/optical_flow_cpp/local_setup.sh
[6.678s] -- Up-to-date: /home/thomas/oflow_vectors/install/optical_flow_cpp/share/optical_flow_cpp/local_setup.zsh
[6.678s] -- Up-to-date: /home/thomas/oflow_vectors/install/optical_flow_cpp/share/optical_flow_cpp/local_setup.dsv
[6.678s] -- Installing: /home/thomas/oflow_vectors/install/optical_flow_cpp/share/optical_flow_cpp/package.dsv
[6.678s] -- Up-to-date: /home/thomas/oflow_vectors/install/optical_flow_cpp/share/ament_index/resource_index/packages/optical_flow_cpp
[6.678s] -- Up-to-date: /home/thomas/oflow_vectors/install/optical_flow_cpp/share/optical_flow_cpp/cmake/optical_flow_cppConfig.cmake
[6.678s] -- Up-to-date: /home/thomas/oflow_vectors/install/optical_flow_cpp/share/optical_flow_cpp/cmake/optical_flow_cppConfig-version.cmake
[6.678s] -- Up-to-date: /home/thomas/oflow_vectors/install/optical_flow_cpp/share/optical_flow_cpp/package.xml
[6.679s] Invoked command in '/home/thomas/oflow_vectors/build/optical_flow_cpp' returned '0': CMAKE_PREFIX_PATH=/opt/ros/humble /usr/bin/cmake --install /home/thomas/oflow_vectors/build/optical_flow_cpp
