[0.012s] Invoking command in '/home/drone-laptop/oflow_vectors/build/optical_flow_cpp': CMAKE_PREFIX_PATH=/opt/ros/humble /usr/bin/cmake /home/drone-laptop/oflow_vectors -DCMAKE_INSTALL_PREFIX=/home/drone-laptop/oflow_vectors/install/optical_flow_cpp
[0.134s] -- The C compiler identification is GNU 11.4.0
[0.216s] -- The CXX compiler identification is GNU 11.4.0
[0.233s] -- Detecting C compiler ABI info
[0.361s] -- Detecting C compiler ABI info - done
[0.372s] -- Check for working C compiler: /usr/lib/ccache/cc - skipped
[0.372s] -- Detecting C compile features
[0.373s] -- Detecting C compile features - done
[0.378s] -- Detecting CXX compiler ABI info
[0.498s] -- Detecting CXX compiler ABI info - done
[0.508s] -- Check for working CXX compiler: /usr/lib/ccache/c++ - skipped
[0.508s] -- Detecting CXX compile features
[0.509s] -- Detecting CXX compile features - done
[0.518s] -- Found ament_cmake: 1.3.12 (/opt/ros/humble/share/ament_cmake/cmake)
[0.990s] -- Found Python3: /usr/bin/python3 (found version "3.10.12") found components: Interpreter 
[1.125s] -- Found rclcpp: 16.0.17 (/opt/ros/humble/share/rclcpp/cmake)
[1.202s] -- Found rosidl_generator_c: 3.1.8 (/opt/ros/humble/share/rosidl_generator_c/cmake)
[1.210s] -- Found rosidl_adapter: 3.1.8 (/opt/ros/humble/share/rosidl_adapter/cmake)
[1.225s] -- Found rosidl_generator_cpp: 3.1.8 (/opt/ros/humble/share/rosidl_generator_cpp/cmake)
[1.246s] -- Using all available rosidl_typesupport_c: rosidl_typesupport_fastrtps_c;rosidl_typesupport_introspection_c
[1.273s] -- Using all available rosidl_typesupport_cpp: rosidl_typesupport_fastrtps_cpp;rosidl_typesupport_introspection_cpp
[1.348s] -- Found rmw_implementation_cmake: 6.1.2 (/opt/ros/humble/share/rmw_implementation_cmake/cmake)
[1.354s] -- Found rmw_fastrtps_cpp: 6.2.9 (/opt/ros/humble/share/rmw_fastrtps_cpp/cmake)
[1.506s] -- Found OpenSSL: /usr/lib/x86_64-linux-gnu/libcrypto.so (found version "3.0.2")  
[1.561s] -- Found FastRTPS: /opt/ros/humble/include  
[1.621s] -- Using RMW implementation 'rmw_fastrtps_cpp' as default
[1.639s] -- Looking for pthread.h
[1.757s] -- Looking for pthread.h - found
[1.758s] -- Performing Test CMAKE_HAVE_LIBC_PTHREAD
[1.879s] -- Performing Test CMAKE_HAVE_LIBC_PTHREAD - Success
[1.881s] -- Found Threads: TRUE  
[1.965s] -- Found sensor_msgs: 4.9.0 (/opt/ros/humble/share/sensor_msgs/cmake)
[2.018s] -- Found cv_bridge: 3.2.1 (/opt/ros/humble/share/cv_bridge/cmake)
[2.042s] -- Found OpenCV: /usr (found version "4.5.4") 
[2.043s] [31mCMake Error at /opt/ros/humble/share/ament_cmake_target_dependencies/cmake/ament_target_dependencies.cmake:77 (message):
[2.043s]   ament_target_dependencies() the passed package name 'mavros_msgs' was not
[2.044s]   found before
[2.044s] Call Stack (most recent call first):
[2.044s]   CMakeLists.txt:28 (ament_target_dependencies)
[2.044s] 
[2.044s] [0m
[2.044s] -- Configuring incomplete, errors occurred!
[2.044s] See also "/home/drone-laptop/oflow_vectors/build/optical_flow_cpp/CMakeFiles/CMakeOutput.log".
[2.056s] Invoked command in '/home/drone-laptop/oflow_vectors/build/optical_flow_cpp' returned '1': CMAKE_PREFIX_PATH=/opt/ros/humble /usr/bin/cmake /home/drone-laptop/oflow_vectors -DCMAKE_INSTALL_PREFIX=/home/drone-laptop/oflow_vectors/install/optical_flow_cpp
